Arguments: 
  D:\Node\nodejs\node.exe C:\Users\18231\AppData\Roaming\npm\node_modules\yarn\bin\yarn.js add webpack -D

PATH: 
  C:\WINDOWS\system32;C:\WINDOWS;C:\WINDOWS\System32\Wbem;C:\WINDOWS\System32\WindowsPowerShell\v1.0\;C:\WINDOWS\System32\OpenSSH\;C:\App\Git\cmd;D:\Node\nodejs\;D:\Node\nodejs\node_modules;C:\Users\18231\AppData\Local\Microsoft\WindowsApps;;C:\App\Microsoft VS Code\bin;C:\Users\18231\AppData\Roaming\npm;C:\App\WebStorm 2023.1.1\bin;

Yarn version: 
  1.22.19

Node version: 
  18.16.0

Platform: 
  win32 x64

Trace: 
  Error: connect ETIMEDOUT 104.16.27.35:443
      at TCPConnectWrap.afterConnect [as oncomplete] (node:net:1494:16)

npm manifest: 
  {
    "name": "webpack_demo",
    "version": "1.0.0",
    "description": "",
    "main": "webpack.config.js",
    "scripts": {
      "test": "echo \"Error: no test specified\" && exit 1"
    },
    "keywords": [],
    "author": "",
    "license": "ISC"
  }

yarn manifest: 
  No manifest

Lockfile: 
  No lockfile
